Arguments: 
  C:\Program Files\nodejs\node.exe C:\Program Files (x86)\Yarn\bin\yarn.js publish

PATH: 
  C:\Users\Jacob Schneider\Code\bin;C:\Program Files\Git\mingw64\bin;C:\Program Files\Git\usr\local\bin;C:\Program Files\Git\usr\bin;C:\Program Files\Git\usr\bin;C:\Program Files\Git\mingw64\bin;C:\Program Files\Git\usr\bin;C:\Users\Jacob Schneider\Code\bin;C:\WINDOWS\system32;C:\WINDOWS;C:\Program Files (x86)\NVIDIA Corporation\PhysX\Common;C:\Program Files\Git\cmd;C:\Users\Jacob Schneider\Documents\CMDCommands;C:\Program Files\dotnet;C:\Program Files\Java\jdk-10.0.2\bin;C:\Users\Jacob Schneider\AppData\Local\Android\Sdk\platform-tools;C:\WINDOWS\System32\Wbem;C:\WINDOWS\System32\WindowsPowerShell\v1.0;C:\WINDOWS\System32\OpenSSH;C:\Users\Jacob Schneider\AppData\Local\Programs\Python\Python37-32;C:\Program Files\go\bin;C:\Program Files\depot_tools;C:\MinGW\bin;C:\Program Files\NuGet;C:\Program Files\NVIDIA Corporation\NVIDIA NvDLISR;C:\rg;C:\Program Files\Pandoc;C:\Program Files (x86)\WiX Toolset v3.11\bin;C:\Program Files (x86)\Windows Kits\10\Windows Performance Toolkit;C:\WINDOWS\system32;C:\WINDOWS;C:\WINDOWS\System32\Wbem;C:\WINDOWS\System32\WindowsPowerShell\v1.0;C:\WINDOWS\System32\OpenSSH;C:\Program Files (x86)\Microsoft Visual Studio\2019\Community\MSBuild\Current\Bin;C:\Program Files\Microsoft SQL Server\130\Tools\Binn;C:\Program Files\Microsoft SQL Server\Client SDK\ODBC\170\Tools\Binn;C:\Program Files\IBM\Cloud\bin;C:\Program Files (x86)\Yarn\bin;C:\Program Files (x86)\Intel\Intel(R) Management Engine Components\DAL;C:\Program Files\Intel\Intel(R) Management Engine Components\DAL;C:\Program Files\Swift\bin;C:\Program Files\nodejs;C:\Program Files\SQLite;C:\Program Files\Git LFS;C:\Program Files\Intel\WiFi\bin;C:\Program Files\Common Files\Intel\WirelessCommon;C:\Program Files\CMake\bin;C:\Ruby26-x64\bin;C:\Users\Jacob Schneider\.cargo\bin;C:\Users\Jacob Schneider\AppData\Local\Programs\Python\Python37\Scripts;C:\Users\Jacob Schneider\AppData\Local\Programs\Python\Python37;C:\Users\Jacob Schneider\AppData\Local\Microsoft\WindowsApps;C:\Users\Jacob Schneider\AppData\Local\Programs\Microsoft VS Code\bin;C:\Users\Jacob Schneider\AppData\Local\JetBrains\WebStorm 2018.3\bin;C:\Program Files\heroku\bin;C:\Users\Jacob Schneider\AppData\Local\GitHubDesktop\bin;C:\Users\Jacob Schneider\AppData\Local\Microsoft\WindowsApps;C:\Users\Jacob Schneider\AppData\Local\Yarn\bin;C:\Users\Jacob Schneider\AppData\Roaming\npm;C:\Program Files\Git\usr\bin\vendor_perl;C:\Program Files\Git\usr\bin\core_perl

Yarn version: 
  1.17.3

Node version: 
  12.8.1

Platform: 
  win32 x64

Trace: 
  Error: EPERM: operation not permitted, open 'C:\Users\Jacob Schneider\.yarnrc'

npm manifest: 
  {
    "name": "getColours",
    "scripts": {
      "launch": "node launch-win",
      "postinstall": "node compile.js"
    },
    "dependencies": {
      "ansi-to-html": "^0.6.11",
      "websocket": "^1.0.30",
      "ws": "^7.1.2"
    },
    "version": "1.0.0"
  }

yarn manifest: 
  No manifest

Lockfile: 
  No lockfile
